<?xml version="1.0" encoding="UTF-8"?>
<testng-results skipped="0" failed="0" ignored="0" total="1" passed="1">
  <reporter-output>
  </reporter-output>
  <suite name="Default suite" duration-ms="1424" started-at="2019-02-20T12:39:50Z" finished-at="2019-02-20T12:39:52Z">
    <groups>
    </groups>
    <test name="Default test" duration-ms="1424" started-at="2019-02-20T12:39:50Z" finished-at="2019-02-20T12:39:52Z">
      <class name="com.qa.test.GetAPITest">
        <test-method status="PASS" signature="setUp()[pri:0, instance:com.qa.test.GetAPITest@4520ebad]" name="setUp" is-config="true" duration-ms="0" started-at="2019-02-20T12:39:50Z" finished-at="2019-02-20T12:39:50Z">
          <reporter-output>
          </reporter-output>
        </test-method> <!-- setUp -->
        <test-method status="PASS" signature="getAPITestWithoutheader()[pri:0, instance:com.qa.test.GetAPITest@4520ebad]" name="getAPITestWithoutheader" duration-ms="1400" started-at="2019-02-20T12:39:50Z" finished-at="2019-02-20T12:39:52Z">
          <reporter-output>
          </reporter-output>
        </test-method> <!-- getAPITestWithoutheader -->
      </class> <!-- com.qa.test.GetAPITest -->
    </test> <!-- Default test -->
  </suite> <!-- Default suite -->
</testng-results>
